Build started 11/15/2018 8:50:30 PM.
     1>Project "C:\tahawork\Semester 4\Data Structures\prims improved by mubashir\prims improved by mubashir\prims improved by mubashir.vcxproj" on node 2 (build target(s)).
     1>InitializeBuildStatus:
         Creating "Debug\prims improved by mubashir.unsuccessfulbuild" because "AlwaysCreate" was specified.
       ClCompile:
         All outputs are up-to-date.
         c:\Program Files (x86)\Microsoft Visual Studio 10.0\VC\bin\CL.exe /c /ZI /nologo /W3 /WX- /Od /Oy- /D WIN32 /D _DEBUG /D _CONSOLE /D _UNICODE /D UNICODE /Gm /EHsc /RTC1 /MDd /GS /fp:precise /Zc:wchar_t /Zc:forScope /Fo"Debug\\" /Fd"Debug\vc100.pdb" /Gd /TP /analyze- /errorReport:prompt "prims improved by mubashir.cpp"
         prims improved by mubashir.cpp
       ManifestResourceCompile:
         All outputs are up-to-date.
       Link:
         c:\Program Files (x86)\Microsoft Visual Studio 10.0\VC\bin\link.exe /ERRORREPORT:PROMPT /OUT:"C:\tahawork\Semester 4\Data Structures\prims improved by mubashir\Debug\prims improved by mubashir.exe" /INCREMENTAL /NOLOGO kernel32.lib user32.lib gdi32.lib winspool.lib comdlg32.lib advapi32.lib shell32.lib ole32.lib oleaut32.lib uuid.lib odbc32.lib odbccp32.lib /MANIFEST /ManifestFile:"Debug\prims improved by mubashir.exe.intermediate.manifest" /MANIFESTUAC:"level='asInvoker' uiAccess='false'" /DEBUG /PDB:"C:\tahawork\Semester 4\Data Structures\prims improved by mubashir\Debug\prims improved by mubashir.pdb" /SUBSYSTEM:CONSOLE /TLBID:1 /DYNAMICBASE /NXCOMPAT /IMPLIB:"C:\tahawork\Semester 4\Data Structures\prims improved by mubashir\Debug\prims improved by mubashir.lib" /MACHINE:X86 "Debug\prims improved by mubashir.exe.embed.manifest.res"
         "Debug\prims improved by mubashir.obj"
         Debug\stdafx.obj
       Manifest:
         C:\Program Files (x86)\Microsoft SDKs\Windows\v7.0A\bin\mt.exe /nologo /verbose /out:"Debug\prims improved by mubashir.exe.embed.manifest" /manifest "Debug\prims improved by mubashir.exe.intermediate.manifest"
         All outputs are up-to-date.
       LinkEmbedManifest:
         All outputs are up-to-date.
         prims improved by mubashir.vcxproj -> C:\tahawork\Semester 4\Data Structures\prims improved by mubashir\Debug\prims improved by mubashir.exe
       FinalizeBuildStatus:
         Deleting file "Debug\prims improved by mubashir.unsuccessfulbuild".
         Touching "Debug\prims improved by mubashir.lastbuildstate".
     1>Done Building Project "C:\tahawork\Semester 4\Data Structures\prims improved by mubashir\prims improved by mubashir\prims improved by mubashir.vcxproj" (build target(s)).

Build succeeded.

Time Elapsed 00:00:02.37
