Build started 10/17/2018 1:08:36 PM.
     1>Project "C:\tahawork\Semester 4\Data Structures\osamaPrefix expression tree\osamaPrefix expression tree\osamaPrefix expression tree.vcxproj" on node 2 (build target(s)).
     1>InitializeBuildStatus:
         Creating "Debug\osamaPrefix expression tree.unsuccessfulbuild" because "AlwaysCreate" was specified.
       ClCompile:
         All outputs are up-to-date.
         c:\Program Files (x86)\Microsoft Visual Studio 10.0\VC\bin\CL.exe /c /ZI /nologo /W3 /WX- /Od /Oy- /D WIN32 /D _DEBUG /D _CONSOLE /D _UNICODE /D UNICODE /Gm /EHsc /RTC1 /MDd /GS /fp:precise /Zc:wchar_t /Zc:forScope /Fo"Debug\\" /Fd"Debug\vc100.pdb" /Gd /TP /analyze- /errorReport:prompt "osamaPrefix expression tree.cpp"
         osamaPrefix expression tree.cpp
     1>c:\tahawork\semester 4\data structures\osamaprefix expression tree\osamaprefix expression tree\linkedlist.h(226): warning C4018: '<' : signed/unsigned mismatch
     1>c:\tahawork\semester 4\data structures\osamaprefix expression tree\osamaprefix expression tree\exppressiontree.h(230): warning C4018: '<' : signed/unsigned mismatch
     1>c:\tahawork\semester 4\data structures\osamaprefix expression tree\osamaprefix expression tree\linkedlist.h(126): warning C4715: 'list::Precedence' : not all control paths return a value
     1>c:\tahawork\semester 4\data structures\osamaprefix expression tree\osamaprefix expression tree\linkedlist.h(261): warning C4715: 'list::Peak' : not all control paths return a value
       ManifestResourceCompile:
         All outputs are up-to-date.
       Link:
         c:\Program Files (x86)\Microsoft Visual Studio 10.0\VC\bin\link.exe /ERRORREPORT:PROMPT /OUT:"C:\tahawork\Semester 4\Data Structures\osamaPrefix expression tree\Debug\osamaPrefix expression tree.exe" /INCREMENTAL /NOLOGO kernel32.lib user32.lib gdi32.lib winspool.lib comdlg32.lib advapi32.lib shell32.lib ole32.lib oleaut32.lib uuid.lib odbc32.lib odbccp32.lib /MANIFEST /ManifestFile:"Debug\osamaPrefix expression tree.exe.intermediate.manifest" /MANIFESTUAC:"level='asInvoker' uiAccess='false'" /DEBUG /PDB:"C:\tahawork\Semester 4\Data Structures\osamaPrefix expression tree\Debug\osamaPrefix expression tree.pdb" /SUBSYSTEM:CONSOLE /TLBID:1 /DYNAMICBASE /NXCOMPAT /IMPLIB:"C:\tahawork\Semester 4\Data Structures\osamaPrefix expression tree\Debug\osamaPrefix expression tree.lib" /MACHINE:X86 "Debug\osamaPrefix expression tree.exe.embed.manifest.res"
         "Debug\osamaPrefix expression tree.obj"
         Debug\stdafx.obj
       Manifest:
         C:\Program Files (x86)\Microsoft SDKs\Windows\v7.0A\bin\mt.exe /nologo /verbose /out:"Debug\osamaPrefix expression tree.exe.embed.manifest" /manifest "Debug\osamaPrefix expression tree.exe.intermediate.manifest"
         All outputs are up-to-date.
       LinkEmbedManifest:
         All outputs are up-to-date.
         osamaPrefix expression tree.vcxproj -> C:\tahawork\Semester 4\Data Structures\osamaPrefix expression tree\Debug\osamaPrefix expression tree.exe
       FinalizeBuildStatus:
         Deleting file "Debug\osamaPrefix expression tree.unsuccessfulbuild".
         Touching "Debug\osamaPrefix expression tree.lastbuildstate".
     1>Done Building Project "C:\tahawork\Semester 4\Data Structures\osamaPrefix expression tree\osamaPrefix expression tree\osamaPrefix expression tree.vcxproj" (build target(s)).

Build succeeded.

Time Elapsed 00:00:00.92
