Build started 10/17/2018 8:00:05 AM.
     1>Project "C:\tahawork\Semester 4\Data Structures\osama infixx_postfix\osama infixx_postfix\osama infixx_postfix.vcxproj" on node 2 (build target(s)).
     1>InitializeBuildStatus:
         Creating "Debug\osama infixx_postfix.unsuccessfulbuild" because "AlwaysCreate" was specified.
       ClCompile:
         All outputs are up-to-date.
         c:\Program Files (x86)\Microsoft Visual Studio 10.0\VC\bin\CL.exe /c /ZI /nologo /W3 /WX- /Od /Oy- /D WIN32 /D _DEBUG /D _CONSOLE /D _UNICODE /D UNICODE /Gm /EHsc /RTC1 /MDd /GS /fp:precise /Zc:wchar_t /Zc:forScope /Fo"Debug\\" /Fd"Debug\vc100.pdb" /Gd /TP /analyze- /errorReport:prompt main.cpp
         main.cpp
     1>c:\tahawork\semester 4\data structures\osama infixx_postfix\osama infixx_postfix\linkedlist.h(126): warning C4715: 'list::Precedence' : not all control paths return a value
     1>c:\tahawork\semester 4\data structures\osama infixx_postfix\osama infixx_postfix\linkedlist.h(145): warning C4715: 'list::Peak' : not all control paths return a value
       ManifestResourceCompile:
         All outputs are up-to-date.
       Link:
         c:\Program Files (x86)\Microsoft Visual Studio 10.0\VC\bin\link.exe /ERRORREPORT:PROMPT /OUT:"C:\tahawork\Semester 4\Data Structures\osama infixx_postfix\Debug\osama infixx_postfix.exe" /INCREMENTAL /NOLOGO kernel32.lib user32.lib gdi32.lib winspool.lib comdlg32.lib advapi32.lib shell32.lib ole32.lib oleaut32.lib uuid.lib odbc32.lib odbccp32.lib /MANIFEST /ManifestFile:"Debug\osama infixx_postfix.exe.intermediate.manifest" /MANIFESTUAC:"level='asInvoker' uiAccess='false'" /DEBUG /PDB:"C:\tahawork\Semester 4\Data Structures\osama infixx_postfix\Debug\osama infixx_postfix.pdb" /SUBSYSTEM:CONSOLE /TLBID:1 /DYNAMICBASE /NXCOMPAT /IMPLIB:"C:\tahawork\Semester 4\Data Structures\osama infixx_postfix\Debug\osama infixx_postfix.lib" /MACHINE:X86 "Debug\osama infixx_postfix.exe.embed.manifest.res"
         Debug\main.obj
         Debug\stdafx.obj
       Manifest:
         C:\Program Files (x86)\Microsoft SDKs\Windows\v7.0A\bin\mt.exe /nologo /verbose /out:"Debug\osama infixx_postfix.exe.embed.manifest" /manifest "Debug\osama infixx_postfix.exe.intermediate.manifest"
         All outputs are up-to-date.
       LinkEmbedManifest:
         All outputs are up-to-date.
         osama infixx_postfix.vcxproj -> C:\tahawork\Semester 4\Data Structures\osama infixx_postfix\Debug\osama infixx_postfix.exe
       FinalizeBuildStatus:
         Deleting file "Debug\osama infixx_postfix.unsuccessfulbuild".
         Touching "Debug\osama infixx_postfix.lastbuildstate".
     1>Done Building Project "C:\tahawork\Semester 4\Data Structures\osama infixx_postfix\osama infixx_postfix\osama infixx_postfix.vcxproj" (build target(s)).

Build succeeded.

Time Elapsed 00:00:01.26
