Build started 9/23/2018 4:23:28 PM.
     1>Project "C:\tahawork\Semester 4\Data Structures\Binary search tree\Binary search tree\Binary search tree.vcxproj" on node 2 (build target(s)).
     1>InitializeBuildStatus:
         Creating "Debug\Binary search tree.unsuccessfulbuild" because "AlwaysCreate" was specified.
       ClCompile:
         All outputs are up-to-date.
         c:\Program Files (x86)\Microsoft Visual Studio 10.0\VC\bin\CL.exe /c /ZI /nologo /W3 /WX- /Od /Oy- /D WIN32 /D _DEBUG /D _CONSOLE /D _UNICODE /D UNICODE /Gm /EHsc /RTC1 /MDd /GS /fp:precise /Zc:wchar_t /Zc:forScope /Fo"Debug\\" /Fd"Debug\vc100.pdb" /Gd /TP /analyze- /errorReport:prompt "Binary search tree.cpp"
         Binary search tree.cpp
       ManifestResourceCompile:
         All outputs are up-to-date.
       Link:
         c:\Program Files (x86)\Microsoft Visual Studio 10.0\VC\bin\link.exe /ERRORREPORT:PROMPT /OUT:"C:\tahawork\Semester 4\Data Structures\Binary search tree\Debug\Binary search tree.exe" /INCREMENTAL /NOLOGO kernel32.lib user32.lib gdi32.lib winspool.lib comdlg32.lib advapi32.lib shell32.lib ole32.lib oleaut32.lib uuid.lib odbc32.lib odbccp32.lib /MANIFEST /ManifestFile:"Debug\Binary search tree.exe.intermediate.manifest" /MANIFESTUAC:"level='asInvoker' uiAccess='false'" /DEBUG /PDB:"C:\tahawork\Semester 4\Data Structures\Binary search tree\Debug\Binary search tree.pdb" /SUBSYSTEM:CONSOLE /TLBID:1 /DYNAMICBASE /NXCOMPAT /IMPLIB:"C:\tahawork\Semester 4\Data Structures\Binary search tree\Debug\Binary search tree.lib" /MACHINE:X86 "Debug\Binary search tree.exe.embed.manifest.res"
         "Debug\Binary search tree.obj"
         Debug\stdafx.obj
       Manifest:
         C:\Program Files (x86)\Microsoft SDKs\Windows\v7.0A\bin\mt.exe /nologo /verbose /out:"Debug\Binary search tree.exe.embed.manifest" /manifest "Debug\Binary search tree.exe.intermediate.manifest"
         All outputs are up-to-date.
       LinkEmbedManifest:
         All outputs are up-to-date.
         Binary search tree.vcxproj -> C:\tahawork\Semester 4\Data Structures\Binary search tree\Debug\Binary search tree.exe
       FinalizeBuildStatus:
         Deleting file "Debug\Binary search tree.unsuccessfulbuild".
         Touching "Debug\Binary search tree.lastbuildstate".
     1>Done Building Project "C:\tahawork\Semester 4\Data Structures\Binary search tree\Binary search tree\Binary search tree.vcxproj" (build target(s)).

Build succeeded.

Time Elapsed 00:00:01.46
