Build started 11/16/2018 11:18:06 PM.
     1>Project "C:\tahawork\Semester 4\Data Structures\DIJESKTRA\DIJESKTRA\DIJESKTRA.vcxproj" on node 2 (build target(s)).
     1>InitializeBuildStatus:
         Creating "Debug\DIJESKTRA.unsuccessfulbuild" because "AlwaysCreate" was specified.
       ClCompile:
         All outputs are up-to-date.
         c:\Program Files (x86)\Microsoft Visual Studio 10.0\VC\bin\CL.exe /c /ZI /nologo /W3 /WX- /Od /Oy- /D WIN32 /D _DEBUG /D _CONSOLE /D _UNICODE /D UNICODE /Gm /EHsc /RTC1 /MDd /GS /fp:precise /Zc:wchar_t /Zc:forScope /Fo"Debug\\" /Fd"Debug\vc100.pdb" /Gd /TP /analyze- /errorReport:prompt DIJESKTRA.cpp
         DIJESKTRA.cpp
       ManifestResourceCompile:
         All outputs are up-to-date.
       Link:
         c:\Program Files (x86)\Microsoft Visual Studio 10.0\VC\bin\link.exe /ERRORREPORT:PROMPT /OUT:"C:\tahawork\Semester 4\Data Structures\DIJESKTRA\Debug\DIJESKTRA.exe" /INCREMENTAL /NOLOGO kernel32.lib user32.lib gdi32.lib winspool.lib comdlg32.lib advapi32.lib shell32.lib ole32.lib oleaut32.lib uuid.lib odbc32.lib odbccp32.lib /MANIFEST /ManifestFile:"Debug\DIJESKTRA.exe.intermediate.manifest" /MANIFESTUAC:"level='asInvoker' uiAccess='false'" /DEBUG /PDB:"C:\tahawork\Semester 4\Data Structures\DIJESKTRA\Debug\DIJESKTRA.pdb" /SUBSYSTEM:CONSOLE /TLBID:1 /DYNAMICBASE /NXCOMPAT /IMPLIB:"C:\tahawork\Semester 4\Data Structures\DIJESKTRA\Debug\DIJESKTRA.lib" /MACHINE:X86 Debug\DIJESKTRA.exe.embed.manifest.res
         Debug\DIJESKTRA.obj
         Debug\stdafx.obj
       Manifest:
         C:\Program Files (x86)\Microsoft SDKs\Windows\v7.0A\bin\mt.exe /nologo /verbose /out:"Debug\DIJESKTRA.exe.embed.manifest" /manifest Debug\DIJESKTRA.exe.intermediate.manifest
         All outputs are up-to-date.
       LinkEmbedManifest:
         All outputs are up-to-date.
         DIJESKTRA.vcxproj -> C:\tahawork\Semester 4\Data Structures\DIJESKTRA\Debug\DIJESKTRA.exe
       FinalizeBuildStatus:
         Deleting file "Debug\DIJESKTRA.unsuccessfulbuild".
         Touching "Debug\DIJESKTRA.lastbuildstate".
     1>Done Building Project "C:\tahawork\Semester 4\Data Structures\DIJESKTRA\DIJESKTRA\DIJESKTRA.vcxproj" (build target(s)).

Build succeeded.

Time Elapsed 00:00:02.30
